{"numFailedTestSuites":0,"numFailedTests":0,"numPassedTestSuites":26,"numPassedTests":32,"numPendingTestSuites":0,"numPendingTests":0,"numRuntimeErrorTestSuites":0,"numTodoTests":0,"numTotalTestSuites":26,"numTotalTests":32,"openHandles":[],"snapshot":{"added":0,"didUpdate":false,"failure":false,"filesAdded":0,"filesRemoved":0,"filesRemovedList":[],"filesUnmatched":0,"filesUpdated":0,"matched":0,"total":0,"unchecked":0,"uncheckedKeysByFile":[],"unmatched":0,"updated":0},"startTime":1574699845664,"success":true,"testResults":[{"assertionResults":[{"ancestorTitles":[],"failureMessages":[],"fullName":"renders without crashing","location":null,"status":"passed","title":"renders without crashing"},{"ancestorTitles":["Skeleton"],"failureMessages":[],"fullName":"Skeleton renders without crashing","location":null,"status":"passed","title":"renders without crashing"}],"endTime":1574699848722,"message":"","name":"/Users/guilhermegazzo/dev/Rocket.Chat.Fuselage/packages/fuselage/src/components/Text/spec.js","startTime":1574699847368,"status":"passed","summary":""},{"assertionResults":[{"ancestorTitles":[],"failureMessages":[],"fullName":"renders without crashing","location":null,"status":"passed","title":"renders without crashing"},{"ancestorTitles":["Skeleton"],"failureMessages":[],"fullName":"Skeleton renders without crashing","location":null,"status":"passed","title":"renders without crashing"}],"endTime":1574699848727,"message":"","name":"/Users/guilhermegazzo/dev/Rocket.Chat.Fuselage/packages/fuselage/src/components/Paragraph/spec.js","startTime":1574699847364,"status":"passed","summary":""},{"assertionResults":[{"ancestorTitles":[],"failureMessages":[],"fullName":"renders without crashing","location":null,"status":"passed","title":"renders without crashing"},{"ancestorTitles":["Accordion.Item"],"failureMessages":[],"fullName":"Accordion.Item renders without crashing","location":null,"status":"passed","title":"renders without crashing"}],"endTime":1574699848741,"message":"","name":"/Users/guilhermegazzo/dev/Rocket.Chat.Fuselage/packages/fuselage/src/components/Accordion/spec.js","startTime":1574699847394,"status":"passed","summary":""},{"assertionResults":[{"ancestorTitles":[],"failureMessages":[],"fullName":"renders without crashing","location":null,"status":"passed","title":"renders without crashing"}],"endTime":1574699848786,"message":"","name":"/Users/guilhermegazzo/dev/Rocket.Chat.Fuselage/packages/fuselage/src/components/TelephoneInput/spec.js","startTime":1574699847410,"status":"passed","summary":""},{"assertionResults":[{"ancestorTitles":[],"failureMessages":[],"fullName":"renders without crashing","location":null,"status":"passed","title":"renders without crashing"},{"ancestorTitles":["Skeleton"],"failureMessages":[],"fullName":"Skeleton renders without crashing","location":null,"status":"passed","title":"renders without crashing"}],"endTime":1574699848858,"message":"","name":"/Users/guilhermegazzo/dev/Rocket.Chat.Fuselage/packages/fuselage/src/components/Headline/spec.js","startTime":1574699847447,"status":"passed","summary":""},{"assertionResults":[{"ancestorTitles":[],"failureMessages":[],"fullName":"renders without crashing","location":null,"status":"passed","title":"renders without crashing"},{"ancestorTitles":["Skeleton"],"failureMessages":[],"fullName":"Skeleton renders without crashing","location":null,"status":"passed","title":"renders without crashing"}],"endTime":1574699849006,"message":"","name":"/Users/guilhermegazzo/dev/Rocket.Chat.Fuselage/packages/fuselage/src/components/InputBox/spec.js","startTime":1574699847551,"status":"passed","summary":""},{"assertionResults":[{"ancestorTitles":[],"failureMessages":[],"fullName":"renders without crashing","location":null,"status":"passed","title":"renders without crashing"},{"ancestorTitles":["Skeleton"],"failureMessages":[],"fullName":"Skeleton renders without crashing","location":null,"status":"passed","title":"renders without crashing"}],"endTime":1574699849014,"message":"","name":"/Users/guilhermegazzo/dev/Rocket.Chat.Fuselage/packages/fuselage/src/components/Subtitle/spec.js","startTime":1574699847569,"status":"passed","summary":""},{"assertionResults":[{"ancestorTitles":[],"failureMessages":[],"fullName":"renders without crashing","location":null,"status":"passed","title":"renders without crashing"}],"endTime":1574699849159,"message":"","name":"/Users/guilhermegazzo/dev/Rocket.Chat.Fuselage/packages/fuselage/src/components/Callout/spec.js","startTime":1574699848749,"status":"passed","summary":""},{"assertionResults":[{"ancestorTitles":[],"failureMessages":[],"fullName":"renders without crashing","location":null,"status":"passed","title":"renders without crashing"}],"endTime":1574699849163,"message":"","name":"/Users/guilhermegazzo/dev/Rocket.Chat.Fuselage/packages/fuselage/src/components/RadioButton/spec.js","startTime":1574699848756,"status":"passed","summary":""},{"assertionResults":[{"ancestorTitles":[],"failureMessages":[],"fullName":"renders without crashing","location":null,"status":"passed","title":"renders without crashing"}],"endTime":1574699849178,"message":"","name":"/Users/guilhermegazzo/dev/Rocket.Chat.Fuselage/packages/fuselage/src/components/ToggleSwitch/spec.js","startTime":1574699848767,"status":"passed","summary":""},{"assertionResults":[{"ancestorTitles":[],"failureMessages":[],"fullName":"renders without crashing","location":null,"status":"passed","title":"renders without crashing"}],"endTime":1574699849249,"message":"","name":"/Users/guilhermegazzo/dev/Rocket.Chat.Fuselage/packages/fuselage/src/components/SearchInput/spec.js","startTime":1574699848856,"status":"passed","summary":""},{"assertionResults":[{"ancestorTitles":[],"failureMessages":[],"fullName":"renders without crashing","location":null,"status":"passed","title":"renders without crashing"}],"endTime":1574699849279,"message":"","name":"/Users/guilhermegazzo/dev/Rocket.Chat.Fuselage/packages/fuselage/src/components/UrlInput/spec.js","startTime":1574699848904,"status":"passed","summary":""},{"assertionResults":[{"ancestorTitles":[],"failureMessages":[],"fullName":"renders without crashing","location":null,"status":"passed","title":"renders without crashing"}],"endTime":1574699849379,"message":"","name":"/Users/guilhermegazzo/dev/Rocket.Chat.Fuselage/packages/fuselage/src/components/TextAreaInput/spec.js","startTime":1574699849033,"status":"passed","summary":""},{"assertionResults":[{"ancestorTitles":[],"failureMessages":[],"fullName":"renders without crashing","location":null,"status":"passed","title":"renders without crashing"}],"endTime":1574699849450,"message":"","name":"/Users/guilhermegazzo/dev/Rocket.Chat.Fuselage/packages/fuselage/src/components/PasswordInput/spec.js","startTime":1574699849050,"status":"passed","summary":""},{"assertionResults":[{"ancestorTitles":[],"failureMessages":[],"fullName":"renders without crashing","location":null,"status":"passed","title":"renders without crashing"}],"endTime":1574699849492,"message":"","name":"/Users/guilhermegazzo/dev/Rocket.Chat.Fuselage/packages/fuselage/src/components/Icon/spec.js","startTime":1574699849175,"status":"passed","summary":""},{"assertionResults":[{"ancestorTitles":[],"failureMessages":[],"fullName":"renders without crashing","location":null,"status":"passed","title":"renders without crashing"}],"endTime":1574699849497,"message":"","name":"/Users/guilhermegazzo/dev/Rocket.Chat.Fuselage/packages/fuselage/src/components/SelectInput/spec.js","startTime":1574699849175,"status":"passed","summary":""},{"assertionResults":[{"ancestorTitles":[],"failureMessages":[],"fullName":"renders without crashing","location":null,"status":"passed","title":"renders without crashing"}],"endTime":1574699849512,"message":"","name":"/Users/guilhermegazzo/dev/Rocket.Chat.Fuselage/packages/fuselage/src/components/EmailInput/spec.js","startTime":1574699849194,"status":"passed","summary":""},{"assertionResults":[{"ancestorTitles":[],"failureMessages":[],"fullName":"renders without crashing","location":null,"status":"passed","title":"renders without crashing"}],"endTime":1574699849598,"message":"","name":"/Users/guilhermegazzo/dev/Rocket.Chat.Fuselage/packages/fuselage/src/components/ButtonGroup/spec.js","startTime":1574699849266,"status":"passed","summary":""},{"assertionResults":[{"ancestorTitles":[],"failureMessages":[],"fullName":"renders without crashing","location":null,"status":"passed","title":"renders without crashing"}],"endTime":1574699849644,"message":"","name":"/Users/guilhermegazzo/dev/Rocket.Chat.Fuselage/packages/fuselage/src/components/TextInput/spec.js","startTime":1574699849297,"status":"passed","summary":""},{"assertionResults":[{"ancestorTitles":[],"failureMessages":[],"fullName":"renders without crashing","location":null,"status":"passed","title":"renders without crashing"}],"endTime":1574699849731,"message":"","name":"/Users/guilhermegazzo/dev/Rocket.Chat.Fuselage/packages/fuselage/src/components/FieldGroup/spec.js","startTime":1574699849396,"status":"passed","summary":""},{"assertionResults":[{"ancestorTitles":[],"failureMessages":[],"fullName":"renders without crashing","location":null,"status":"passed","title":"renders without crashing"}],"endTime":1574699849814,"message":"","name":"/Users/guilhermegazzo/dev/Rocket.Chat.Fuselage/packages/fuselage/src/components/CheckBox/spec.js","startTime":1574699849466,"status":"passed","summary":""},{"assertionResults":[{"ancestorTitles":[],"failureMessages":[],"fullName":"renders without crashing","location":null,"status":"passed","title":"renders without crashing"}],"endTime":1574699849816,"message":"","name":"/Users/guilhermegazzo/dev/Rocket.Chat.Fuselage/packages/fuselage/src/components/Label/spec.js","startTime":1574699849505,"status":"passed","summary":""},{"assertionResults":[{"ancestorTitles":[],"failureMessages":[],"fullName":"renders without crashing","location":null,"status":"passed","title":"renders without crashing"}],"endTime":1574699849827,"message":"","name":"/Users/guilhermegazzo/dev/Rocket.Chat.Fuselage/packages/fuselage/src/components/Button/spec.js","startTime":1574699849511,"status":"passed","summary":""},{"assertionResults":[{"ancestorTitles":[],"failureMessages":[],"fullName":"renders without crashing","location":null,"status":"passed","title":"renders without crashing"}],"endTime":1574699849850,"message":"","name":"/Users/guilhermegazzo/dev/Rocket.Chat.Fuselage/packages/fuselage/src/components/Field/spec.js","startTime":1574699849529,"status":"passed","summary":""},{"assertionResults":[{"ancestorTitles":[],"failureMessages":[],"fullName":"renders without crashing","location":null,"status":"passed","title":"renders without crashing"}],"endTime":1574699849888,"message":"","name":"/Users/guilhermegazzo/dev/Rocket.Chat.Fuselage/packages/fuselage/src/components/Tile/spec.js","startTime":1574699849611,"status":"passed","summary":""},{"assertionResults":[{"ancestorTitles":[],"failureMessages":[],"fullName":"renders without crashing","location":null,"status":"passed","title":"renders without crashing"}],"endTime":1574699849928,"message":"","name":"/Users/guilhermegazzo/dev/Rocket.Chat.Fuselage/packages/fuselage/src/components/Box/spec.js","startTime":1574699849658,"status":"passed","summary":""}],"wasInterrupted":false}