{"numFailedTestSuites":0,"numFailedTests":0,"numPassedTestSuites":38,"numPassedTests":56,"numPendingTestSuites":0,"numPendingTests":0,"numRuntimeErrorTestSuites":0,"numTodoTests":0,"numTotalTestSuites":38,"numTotalTests":56,"openHandles":[],"snapshot":{"added":0,"didUpdate":false,"failure":false,"filesAdded":0,"filesRemoved":0,"filesRemovedList":[],"filesUnmatched":0,"filesUpdated":0,"matched":0,"total":0,"unchecked":0,"uncheckedKeysByFile":[],"unmatched":0,"updated":0},"startTime":1585247251284,"success":true,"testResults":[{"assertionResults":[{"ancestorTitles":[],"failureMessages":[],"fullName":"renders without crashing","location":null,"status":"passed","title":"renders without crashing"},{"ancestorTitles":["Head"],"failureMessages":[],"fullName":"Head renders without crashing","location":null,"status":"passed","title":"renders without crashing"},{"ancestorTitles":["Body"],"failureMessages":[],"fullName":"Body renders without crashing","location":null,"status":"passed","title":"renders without crashing"},{"ancestorTitles":["Foot"],"failureMessages":[],"fullName":"Foot renders without crashing","location":null,"status":"passed","title":"renders without crashing"},{"ancestorTitles":["Row"],"failureMessages":[],"fullName":"Row renders without crashing","location":null,"status":"passed","title":"renders without crashing"},{"ancestorTitles":["Cell"],"failureMessages":[],"fullName":"Cell renders without crashing","location":null,"status":"passed","title":"renders without crashing"}],"endTime":1585247253377,"message":"","name":"/Users/tasso/Projetos/Rocket.Chat.Fuselage/packages/fuselage/src/components/Table/spec.js","startTime":1585247251900,"status":"passed","summary":""},{"assertionResults":[{"ancestorTitles":[],"failureMessages":[],"fullName":"renders without crashing","location":null,"status":"passed","title":"renders without crashing"},{"ancestorTitles":["Label"],"failureMessages":[],"fullName":"Label renders without crashing","location":null,"status":"passed","title":"renders without crashing"},{"ancestorTitles":["Description"],"failureMessages":[],"fullName":"Description renders without crashing","location":null,"status":"passed","title":"renders without crashing"},{"ancestorTitles":["Row"],"failureMessages":[],"fullName":"Row renders without crashing","location":null,"status":"passed","title":"renders without crashing"},{"ancestorTitles":["Error"],"failureMessages":[],"fullName":"Error renders without crashing","location":null,"status":"passed","title":"renders without crashing"},{"ancestorTitles":["Hint"],"failureMessages":[],"fullName":"Hint renders without crashing","location":null,"status":"passed","title":"renders without crashing"}],"endTime":1585247253483,"message":"","name":"/Users/tasso/Projetos/Rocket.Chat.Fuselage/packages/fuselage/src/components/Field/spec.js","startTime":1585247253395,"status":"passed","summary":""},{"assertionResults":[{"ancestorTitles":[],"failureMessages":[],"fullName":"renders without crashing","location":null,"status":"passed","title":"renders without crashing"}],"endTime":1585247253561,"message":"","name":"/Users/tasso/Projetos/Rocket.Chat.Fuselage/packages/fuselage/src/components/Label/spec.js","startTime":1585247253490,"status":"passed","summary":""},{"assertionResults":[{"ancestorTitles":[],"failureMessages":[],"fullName":"renders without crashing","location":null,"status":"passed","title":"renders without crashing"}],"endTime":1585247253638,"message":"","name":"/Users/tasso/Projetos/Rocket.Chat.Fuselage/packages/fuselage/src/components/Icon/spec.js","startTime":1585247253568,"status":"passed","summary":""},{"assertionResults":[{"ancestorTitles":[],"failureMessages":[],"fullName":"renders without crashing","location":null,"status":"passed","title":"renders without crashing"}],"endTime":1585247253719,"message":"","name":"/Users/tasso/Projetos/Rocket.Chat.Fuselage/packages/fuselage/src/components/AutoComplete/spec.js","startTime":1585247253644,"status":"passed","summary":""},{"assertionResults":[{"ancestorTitles":["Flex.Container"],"failureMessages":[],"fullName":"Flex.Container renders without crashing","location":null,"status":"passed","title":"renders without crashing"},{"ancestorTitles":["Flex.Item"],"failureMessages":[],"fullName":"Flex.Item renders without crashing","location":null,"status":"passed","title":"renders without crashing"}],"endTime":1585247253803,"message":"","name":"/Users/tasso/Projetos/Rocket.Chat.Fuselage/packages/fuselage/src/components/Box/Flex/spec.js","startTime":1585247253725,"status":"passed","summary":""},{"assertionResults":[{"ancestorTitles":[],"failureMessages":[],"fullName":"renders without crashing","location":null,"status":"passed","title":"renders without crashing"},{"ancestorTitles":["Skeleton"],"failureMessages":[],"fullName":"Skeleton renders without crashing","location":null,"status":"passed","title":"renders without crashing"}],"endTime":1585247253880,"message":"","name":"/Users/tasso/Projetos/Rocket.Chat.Fuselage/packages/fuselage/src/components/InputBox/spec.js","startTime":1585247253809,"status":"passed","summary":""},{"assertionResults":[{"ancestorTitles":[],"failureMessages":[],"fullName":"renders without crashing","location":null,"status":"passed","title":"renders without crashing"},{"ancestorTitles":["Accordion.Item"],"failureMessages":[],"fullName":"Accordion.Item renders without crashing","location":null,"status":"passed","title":"renders without crashing"}],"endTime":1585247253970,"message":"","name":"/Users/tasso/Projetos/Rocket.Chat.Fuselage/packages/fuselage/src/components/Accordion/spec.js","startTime":1585247253888,"status":"passed","summary":""},{"assertionResults":[{"ancestorTitles":[],"failureMessages":[],"fullName":"renders without crashing","location":null,"status":"passed","title":"renders without crashing"}],"endTime":1585247254051,"message":"","name":"/Users/tasso/Projetos/Rocket.Chat.Fuselage/packages/fuselage/src/components/Pagination/spec.js","startTime":1585247253979,"status":"passed","summary":""},{"assertionResults":[{"ancestorTitles":[],"failureMessages":[],"fullName":"renders without crashing","location":null,"status":"passed","title":"renders without crashing"},{"ancestorTitles":["Skeleton"],"failureMessages":[],"fullName":"Skeleton renders without crashing","location":null,"status":"passed","title":"renders without crashing"}],"endTime":1585247254118,"message":"","name":"/Users/tasso/Projetos/Rocket.Chat.Fuselage/packages/fuselage/src/components/Paragraph/spec.js","startTime":1585247254056,"status":"passed","summary":""},{"assertionResults":[{"ancestorTitles":[],"failureMessages":[],"fullName":"renders without crashing","location":null,"status":"passed","title":"renders without crashing"},{"ancestorTitles":["Skeleton"],"failureMessages":[],"fullName":"Skeleton renders without crashing","location":null,"status":"passed","title":"renders without crashing"}],"endTime":1585247254184,"message":"","name":"/Users/tasso/Projetos/Rocket.Chat.Fuselage/packages/fuselage/src/components/Subtitle/spec.js","startTime":1585247254124,"status":"passed","summary":""},{"assertionResults":[{"ancestorTitles":[],"failureMessages":[],"fullName":"renders without crashing","location":null,"status":"passed","title":"renders without crashing"},{"ancestorTitles":["Skeleton"],"failureMessages":[],"fullName":"Skeleton renders without crashing","location":null,"status":"passed","title":"renders without crashing"}],"endTime":1585247254249,"message":"","name":"/Users/tasso/Projetos/Rocket.Chat.Fuselage/packages/fuselage/src/components/Headline/spec.js","startTime":1585247254189,"status":"passed","summary":""},{"assertionResults":[{"ancestorTitles":[],"failureMessages":[],"fullName":"renders without crashing","location":null,"status":"passed","title":"renders without crashing"}],"endTime":1585247254314,"message":"","name":"/Users/tasso/Projetos/Rocket.Chat.Fuselage/packages/fuselage/src/components/Skeleton/spec.js","startTime":1585247254257,"status":"passed","summary":""},{"assertionResults":[{"ancestorTitles":[],"failureMessages":[],"fullName":"renders without crashing","location":null,"status":"passed","title":"renders without crashing"},{"ancestorTitles":["Grid.Item"],"failureMessages":[],"fullName":"Grid.Item renders without crashing","location":null,"status":"passed","title":"renders without crashing"}],"endTime":1585247254381,"message":"","name":"/Users/tasso/Projetos/Rocket.Chat.Fuselage/packages/fuselage/src/components/Grid/spec.js","startTime":1585247254319,"status":"passed","summary":""},{"assertionResults":[{"ancestorTitles":[],"failureMessages":[],"fullName":"renders without crashing","location":null,"status":"passed","title":"renders without crashing"}],"endTime":1585247254443,"message":"","name":"/Users/tasso/Projetos/Rocket.Chat.Fuselage/packages/fuselage/src/components/Divider/spec.js","startTime":1585247254386,"status":"passed","summary":""},{"assertionResults":[{"ancestorTitles":[],"failureMessages":[],"fullName":"renders without crashing","location":null,"status":"passed","title":"renders without crashing"},{"ancestorTitles":["Level.Item"],"failureMessages":[],"fullName":"Level.Item renders without crashing","location":null,"status":"passed","title":"renders without crashing"}],"endTime":1585247254508,"message":"","name":"/Users/tasso/Projetos/Rocket.Chat.Fuselage/packages/fuselage/src/components/Level/spec.js","startTime":1585247254449,"status":"passed","summary":""},{"assertionResults":[{"ancestorTitles":[],"failureMessages":[],"fullName":"renders without crashing","location":null,"status":"passed","title":"renders without crashing"}],"endTime":1585247254574,"message":"","name":"/Users/tasso/Projetos/Rocket.Chat.Fuselage/packages/fuselage/src/components/SearchInput/spec.js","startTime":1585247254515,"status":"passed","summary":""},{"assertionResults":[{"ancestorTitles":[],"failureMessages":[],"fullName":"renders without crashing","location":null,"status":"passed","title":"renders without crashing"}],"endTime":1585247254639,"message":"","name":"/Users/tasso/Projetos/Rocket.Chat.Fuselage/packages/fuselage/src/components/CheckBox/spec.js","startTime":1585247254580,"status":"passed","summary":""},{"assertionResults":[{"ancestorTitles":[],"failureMessages":[],"fullName":"renders without crashing","location":null,"status":"passed","title":"renders without crashing"}],"endTime":1585247254706,"message":"","name":"/Users/tasso/Projetos/Rocket.Chat.Fuselage/packages/fuselage/src/components/SelectInput/spec.js","startTime":1585247254644,"status":"passed","summary":""},{"assertionResults":[{"ancestorTitles":[],"failureMessages":[],"fullName":"renders without crashing","location":null,"status":"passed","title":"renders without crashing"}],"endTime":1585247254770,"message":"","name":"/Users/tasso/Projetos/Rocket.Chat.Fuselage/packages/fuselage/src/components/Callout/spec.js","startTime":1585247254712,"status":"passed","summary":""},{"assertionResults":[{"ancestorTitles":[],"failureMessages":[],"fullName":"renders without crashing","location":null,"status":"passed","title":"renders without crashing"}],"endTime":1585247254835,"message":"","name":"/Users/tasso/Projetos/Rocket.Chat.Fuselage/packages/fuselage/src/components/RadioButton/spec.js","startTime":1585247254775,"status":"passed","summary":""},{"assertionResults":[{"ancestorTitles":[],"failureMessages":[],"fullName":"renders without crashing","location":null,"status":"passed","title":"renders without crashing"}],"endTime":1585247254898,"message":"","name":"/Users/tasso/Projetos/Rocket.Chat.Fuselage/packages/fuselage/src/components/Box/Size/spec.js","startTime":1585247254840,"status":"passed","summary":""},{"assertionResults":[{"ancestorTitles":[],"failureMessages":[],"fullName":"renders without crashing","location":null,"status":"passed","title":"renders without crashing"}],"endTime":1585247254972,"message":"","name":"/Users/tasso/Projetos/Rocket.Chat.Fuselage/packages/fuselage/src/components/Box/Scrollable/spec.js","startTime":1585247254905,"status":"passed","summary":""},{"assertionResults":[{"ancestorTitles":[],"failureMessages":[],"fullName":"renders without crashing","location":null,"status":"passed","title":"renders without crashing"}],"endTime":1585247255040,"message":"","name":"/Users/tasso/Projetos/Rocket.Chat.Fuselage/packages/fuselage/src/components/Box/spec.js","startTime":1585247254977,"status":"passed","summary":""},{"assertionResults":[{"ancestorTitles":[],"failureMessages":[],"fullName":"renders without crashing","location":null,"status":"passed","title":"renders without crashing"}],"endTime":1585247255104,"message":"","name":"/Users/tasso/Projetos/Rocket.Chat.Fuselage/packages/fuselage/src/components/PasswordInput/spec.js","startTime":1585247255046,"status":"passed","summary":""},{"assertionResults":[{"ancestorTitles":[],"failureMessages":[],"fullName":"renders without crashing","location":null,"status":"passed","title":"renders without crashing"}],"endTime":1585247255168,"message":"","name":"/Users/tasso/Projetos/Rocket.Chat.Fuselage/packages/fuselage/src/components/TextInput/spec.js","startTime":1585247255109,"status":"passed","summary":""},{"assertionResults":[{"ancestorTitles":[],"failureMessages":[],"fullName":"renders without crashing","location":null,"status":"passed","title":"renders without crashing"}],"endTime":1585247255232,"message":"","name":"/Users/tasso/Projetos/Rocket.Chat.Fuselage/packages/fuselage/src/components/TelephoneInput/spec.js","startTime":1585247255173,"status":"passed","summary":""},{"assertionResults":[{"ancestorTitles":[],"failureMessages":[],"fullName":"renders without crashing","location":null,"status":"passed","title":"renders without crashing"}],"endTime":1585247255294,"message":"","name":"/Users/tasso/Projetos/Rocket.Chat.Fuselage/packages/fuselage/src/components/Chevron/spec.js","startTime":1585247255237,"status":"passed","summary":""},{"assertionResults":[{"ancestorTitles":[],"failureMessages":[],"fullName":"renders without crashing","location":null,"status":"passed","title":"renders without crashing"}],"endTime":1585247255363,"message":"","name":"/Users/tasso/Projetos/Rocket.Chat.Fuselage/packages/fuselage/src/components/Button/spec.js","startTime":1585247255305,"status":"passed","summary":""},{"assertionResults":[{"ancestorTitles":[],"failureMessages":[],"fullName":"renders without crashing","location":null,"status":"passed","title":"renders without crashing"}],"endTime":1585247255426,"message":"","name":"/Users/tasso/Projetos/Rocket.Chat.Fuselage/packages/fuselage/src/components/FieldGroup/spec.js","startTime":1585247255369,"status":"passed","summary":""},{"assertionResults":[{"ancestorTitles":[],"failureMessages":[],"fullName":"renders without crashing","location":null,"status":"passed","title":"renders without crashing"}],"endTime":1585247255490,"message":"","name":"/Users/tasso/Projetos/Rocket.Chat.Fuselage/packages/fuselage/src/components/EmailInput/spec.js","startTime":1585247255433,"status":"passed","summary":""},{"assertionResults":[{"ancestorTitles":[],"failureMessages":[],"fullName":"renders without crashing","location":null,"status":"passed","title":"renders without crashing"}],"endTime":1585247255554,"message":"","name":"/Users/tasso/Projetos/Rocket.Chat.Fuselage/packages/fuselage/src/components/Tile/spec.js","startTime":1585247255495,"status":"passed","summary":""},{"assertionResults":[{"ancestorTitles":[],"failureMessages":[],"fullName":"renders without crashing","location":null,"status":"passed","title":"renders without crashing"}],"endTime":1585247255618,"message":"","name":"/Users/tasso/Projetos/Rocket.Chat.Fuselage/packages/fuselage/src/components/ToggleSwitch/spec.js","startTime":1585247255559,"status":"passed","summary":""},{"assertionResults":[{"ancestorTitles":[],"failureMessages":[],"fullName":"renders without crashing","location":null,"status":"passed","title":"renders without crashing"}],"endTime":1585247255680,"message":"","name":"/Users/tasso/Projetos/Rocket.Chat.Fuselage/packages/fuselage/src/components/ButtonGroup/spec.js","startTime":1585247255623,"status":"passed","summary":""},{"assertionResults":[{"ancestorTitles":[],"failureMessages":[],"fullName":"renders without crashing","location":null,"status":"passed","title":"renders without crashing"}],"endTime":1585247255745,"message":"","name":"/Users/tasso/Projetos/Rocket.Chat.Fuselage/packages/fuselage/src/components/Box/Margins/spec.js","startTime":1585247255685,"status":"passed","summary":""},{"assertionResults":[{"ancestorTitles":[],"failureMessages":[],"fullName":"renders without crashing","location":null,"status":"passed","title":"renders without crashing"}],"endTime":1585247255814,"message":"","name":"/Users/tasso/Projetos/Rocket.Chat.Fuselage/packages/fuselage/src/components/Tabs/spec.js","startTime":1585247255752,"status":"passed","summary":""},{"assertionResults":[{"ancestorTitles":[],"failureMessages":[],"fullName":"renders without crashing","location":null,"status":"passed","title":"renders without crashing"}],"endTime":1585247255879,"message":"","name":"/Users/tasso/Projetos/Rocket.Chat.Fuselage/packages/fuselage/src/components/TextAreaInput/spec.js","startTime":1585247255821,"status":"passed","summary":""},{"assertionResults":[{"ancestorTitles":[],"failureMessages":[],"fullName":"renders without crashing","location":null,"status":"passed","title":"renders without crashing"}],"endTime":1585247255942,"message":"","name":"/Users/tasso/Projetos/Rocket.Chat.Fuselage/packages/fuselage/src/components/UrlInput/spec.js","startTime":1585247255884,"status":"passed","summary":""}],"wasInterrupted":false}