{"numFailedTestSuites":0,"numFailedTests":0,"numPassedTestSuites":39,"numPassedTests":57,"numPendingTestSuites":0,"numPendingTests":0,"numRuntimeErrorTestSuites":0,"numTodoTests":0,"numTotalTestSuites":39,"numTotalTests":57,"openHandles":[],"snapshot":{"added":0,"didUpdate":false,"failure":false,"filesAdded":0,"filesRemoved":0,"filesRemovedList":[],"filesUnmatched":0,"filesUpdated":0,"matched":0,"total":0,"unchecked":0,"uncheckedKeysByFile":[],"unmatched":0,"updated":0},"startTime":1585673998884,"success":true,"testResults":[{"assertionResults":[{"ancestorTitles":[],"failureMessages":[],"fullName":"renders without crashing","location":null,"status":"passed","title":"renders without crashing"},{"ancestorTitles":["Head"],"failureMessages":[],"fullName":"Head renders without crashing","location":null,"status":"passed","title":"renders without crashing"},{"ancestorTitles":["Body"],"failureMessages":[],"fullName":"Body renders without crashing","location":null,"status":"passed","title":"renders without crashing"},{"ancestorTitles":["Foot"],"failureMessages":[],"fullName":"Foot renders without crashing","location":null,"status":"passed","title":"renders without crashing"},{"ancestorTitles":["Row"],"failureMessages":[],"fullName":"Row renders without crashing","location":null,"status":"passed","title":"renders without crashing"},{"ancestorTitles":["Cell"],"failureMessages":[],"fullName":"Cell renders without crashing","location":null,"status":"passed","title":"renders without crashing"}],"endTime":1585674000557,"message":"","name":"/Users/tasso/Projetos/Rocket.Chat.Fuselage/packages/fuselage/src/components/Table/spec.js","startTime":1585673999411,"status":"passed","summary":""},{"assertionResults":[{"ancestorTitles":[],"failureMessages":[],"fullName":"renders without crashing","location":null,"status":"passed","title":"renders without crashing"}],"endTime":1585674000663,"message":"","name":"/Users/tasso/Projetos/Rocket.Chat.Fuselage/packages/fuselage/src/components/SelectInput/spec.js","startTime":1585674000574,"status":"passed","summary":""},{"assertionResults":[{"ancestorTitles":[],"failureMessages":[],"fullName":"renders without crashing","location":null,"status":"passed","title":"renders without crashing"}],"endTime":1585674000749,"message":"","name":"/Users/tasso/Projetos/Rocket.Chat.Fuselage/packages/fuselage/src/components/Pagination/spec.js","startTime":1585674000671,"status":"passed","summary":""},{"assertionResults":[{"ancestorTitles":[],"failureMessages":[],"fullName":"renders without crashing","location":null,"status":"passed","title":"renders without crashing"},{"ancestorTitles":["Label"],"failureMessages":[],"fullName":"Label renders without crashing","location":null,"status":"passed","title":"renders without crashing"},{"ancestorTitles":["Description"],"failureMessages":[],"fullName":"Description renders without crashing","location":null,"status":"passed","title":"renders without crashing"},{"ancestorTitles":["Row"],"failureMessages":[],"fullName":"Row renders without crashing","location":null,"status":"passed","title":"renders without crashing"},{"ancestorTitles":["Error"],"failureMessages":[],"fullName":"Error renders without crashing","location":null,"status":"passed","title":"renders without crashing"},{"ancestorTitles":["Hint"],"failureMessages":[],"fullName":"Hint renders without crashing","location":null,"status":"passed","title":"renders without crashing"}],"endTime":1585674000841,"message":"","name":"/Users/tasso/Projetos/Rocket.Chat.Fuselage/packages/fuselage/src/components/Field/spec.js","startTime":1585674000759,"status":"passed","summary":""},{"assertionResults":[{"ancestorTitles":[],"failureMessages":[],"fullName":"renders without crashing","location":null,"status":"passed","title":"renders without crashing"},{"ancestorTitles":["Skeleton"],"failureMessages":[],"fullName":"Skeleton renders without crashing","location":null,"status":"passed","title":"renders without crashing"}],"endTime":1585674000925,"message":"","name":"/Users/tasso/Projetos/Rocket.Chat.Fuselage/packages/fuselage/src/components/InputBox/spec.js","startTime":1585674000847,"status":"passed","summary":""},{"assertionResults":[{"ancestorTitles":[],"failureMessages":[],"fullName":"renders without crashing","location":null,"status":"passed","title":"renders without crashing"}],"endTime":1585674000995,"message":"","name":"/Users/tasso/Projetos/Rocket.Chat.Fuselage/packages/fuselage/src/components/TextInput/spec.js","startTime":1585674000932,"status":"passed","summary":""},{"assertionResults":[{"ancestorTitles":[],"failureMessages":[],"fullName":"renders without crashing","location":null,"status":"passed","title":"renders without crashing"},{"ancestorTitles":["Accordion.Item"],"failureMessages":[],"fullName":"Accordion.Item renders without crashing","location":null,"status":"passed","title":"renders without crashing"}],"endTime":1585674001069,"message":"","name":"/Users/tasso/Projetos/Rocket.Chat.Fuselage/packages/fuselage/src/components/Accordion/spec.js","startTime":1585674001002,"status":"passed","summary":""},{"assertionResults":[{"ancestorTitles":[],"failureMessages":[],"fullName":"renders without crashing","location":null,"status":"passed","title":"renders without crashing"},{"ancestorTitles":["Skeleton"],"failureMessages":[],"fullName":"Skeleton renders without crashing","location":null,"status":"passed","title":"renders without crashing"}],"endTime":1585674001140,"message":"","name":"/Users/tasso/Projetos/Rocket.Chat.Fuselage/packages/fuselage/src/components/Subtitle/spec.js","startTime":1585674001076,"status":"passed","summary":""},{"assertionResults":[{"ancestorTitles":[],"failureMessages":[],"fullName":"renders without crashing","location":null,"status":"passed","title":"renders without crashing"}],"endTime":1585674001205,"message":"","name":"/Users/tasso/Projetos/Rocket.Chat.Fuselage/packages/fuselage/src/components/Divider/spec.js","startTime":1585674001147,"status":"passed","summary":""},{"assertionResults":[{"ancestorTitles":["Flex.Container"],"failureMessages":[],"fullName":"Flex.Container renders without crashing","location":null,"status":"passed","title":"renders without crashing"},{"ancestorTitles":["Flex.Item"],"failureMessages":[],"fullName":"Flex.Item renders without crashing","location":null,"status":"passed","title":"renders without crashing"}],"endTime":1585674001270,"message":"","name":"/Users/tasso/Projetos/Rocket.Chat.Fuselage/packages/fuselage/src/components/Box/Flex/spec.js","startTime":1585674001211,"status":"passed","summary":""},{"assertionResults":[{"ancestorTitles":[],"failureMessages":[],"fullName":"renders without crashing","location":null,"status":"passed","title":"renders without crashing"}],"endTime":1585674001336,"message":"","name":"/Users/tasso/Projetos/Rocket.Chat.Fuselage/packages/fuselage/src/components/Callout/spec.js","startTime":1585674001276,"status":"passed","summary":""},{"assertionResults":[{"ancestorTitles":[],"failureMessages":[],"fullName":"renders without crashing","location":null,"status":"passed","title":"renders without crashing"}],"endTime":1585674001399,"message":"","name":"/Users/tasso/Projetos/Rocket.Chat.Fuselage/packages/fuselage/src/components/FieldGroup/spec.js","startTime":1585674001342,"status":"passed","summary":""},{"assertionResults":[{"ancestorTitles":[],"failureMessages":[],"fullName":"renders without crashing","location":null,"status":"passed","title":"renders without crashing"},{"ancestorTitles":["Skeleton"],"failureMessages":[],"fullName":"Skeleton renders without crashing","location":null,"status":"passed","title":"renders without crashing"}],"endTime":1585674001466,"message":"","name":"/Users/tasso/Projetos/Rocket.Chat.Fuselage/packages/fuselage/src/components/Headline/spec.js","startTime":1585674001406,"status":"passed","summary":""},{"assertionResults":[{"ancestorTitles":[],"failureMessages":[],"fullName":"renders without crashing","location":null,"status":"passed","title":"renders without crashing"},{"ancestorTitles":["Skeleton"],"failureMessages":[],"fullName":"Skeleton renders without crashing","location":null,"status":"passed","title":"renders without crashing"}],"endTime":1585674001538,"message":"","name":"/Users/tasso/Projetos/Rocket.Chat.Fuselage/packages/fuselage/src/components/Paragraph/spec.js","startTime":1585674001476,"status":"passed","summary":""},{"assertionResults":[{"ancestorTitles":[],"failureMessages":[],"fullName":"renders without crashing","location":null,"status":"passed","title":"renders without crashing"}],"endTime":1585674001625,"message":"","name":"/Users/tasso/Projetos/Rocket.Chat.Fuselage/packages/fuselage/src/components/CheckBox/spec.js","startTime":1585674001546,"status":"passed","summary":""},{"assertionResults":[{"ancestorTitles":[],"failureMessages":[],"fullName":"renders without crashing","location":null,"status":"passed","title":"renders without crashing"}],"endTime":1585674001692,"message":"","name":"/Users/tasso/Projetos/Rocket.Chat.Fuselage/packages/fuselage/src/components/ToggleSwitch/spec.js","startTime":1585674001633,"status":"passed","summary":""},{"assertionResults":[{"ancestorTitles":[],"failureMessages":[],"fullName":"renders without crashing","location":null,"status":"passed","title":"renders without crashing"}],"endTime":1585674001755,"message":"","name":"/Users/tasso/Projetos/Rocket.Chat.Fuselage/packages/fuselage/src/components/RadioButton/spec.js","startTime":1585674001697,"status":"passed","summary":""},{"assertionResults":[{"ancestorTitles":[],"failureMessages":[],"fullName":"renders without crashing","location":null,"status":"passed","title":"renders without crashing"}],"endTime":1585674001819,"message":"","name":"/Users/tasso/Projetos/Rocket.Chat.Fuselage/packages/fuselage/src/components/PasswordInput/spec.js","startTime":1585674001761,"status":"passed","summary":""},{"assertionResults":[{"ancestorTitles":[],"failureMessages":[],"fullName":"renders without crashing","location":null,"status":"passed","title":"renders without crashing"}],"endTime":1585674001881,"message":"","name":"/Users/tasso/Projetos/Rocket.Chat.Fuselage/packages/fuselage/src/components/Button/spec.js","startTime":1585674001826,"status":"passed","summary":""},{"assertionResults":[{"ancestorTitles":[],"failureMessages":[],"fullName":"renders without crashing","location":null,"status":"passed","title":"renders without crashing"}],"endTime":1585674001948,"message":"","name":"/Users/tasso/Projetos/Rocket.Chat.Fuselage/packages/fuselage/src/components/AutoComplete/spec.js","startTime":1585674001887,"status":"passed","summary":""},{"assertionResults":[{"ancestorTitles":[],"failureMessages":[],"fullName":"renders without crashing","location":null,"status":"passed","title":"renders without crashing"}],"endTime":1585674002010,"message":"","name":"/Users/tasso/Projetos/Rocket.Chat.Fuselage/packages/fuselage/src/components/Box/spec.js","startTime":1585674001953,"status":"passed","summary":""},{"assertionResults":[{"ancestorTitles":[],"failureMessages":[],"fullName":"renders without crashing","location":null,"status":"passed","title":"renders without crashing"}],"endTime":1585674002072,"message":"","name":"/Users/tasso/Projetos/Rocket.Chat.Fuselage/packages/fuselage/src/components/Chevron/spec.js","startTime":1585674002015,"status":"passed","summary":""},{"assertionResults":[{"ancestorTitles":[],"failureMessages":[],"fullName":"renders without crashing","location":null,"status":"passed","title":"renders without crashing"}],"endTime":1585674002141,"message":"","name":"/Users/tasso/Projetos/Rocket.Chat.Fuselage/packages/fuselage/src/components/Avatar/spec.js","startTime":1585674002077,"status":"passed","summary":""},{"assertionResults":[{"ancestorTitles":[],"failureMessages":[],"fullName":"renders without crashing","location":null,"status":"passed","title":"renders without crashing"}],"endTime":1585674002207,"message":"","name":"/Users/tasso/Projetos/Rocket.Chat.Fuselage/packages/fuselage/src/components/Tile/spec.js","startTime":1585674002147,"status":"passed","summary":""},{"assertionResults":[{"ancestorTitles":[],"failureMessages":[],"fullName":"renders without crashing","location":null,"status":"passed","title":"renders without crashing"}],"endTime":1585674002270,"message":"","name":"/Users/tasso/Projetos/Rocket.Chat.Fuselage/packages/fuselage/src/components/ButtonGroup/spec.js","startTime":1585674002212,"status":"passed","summary":""},{"assertionResults":[{"ancestorTitles":[],"failureMessages":[],"fullName":"renders without crashing","location":null,"status":"passed","title":"renders without crashing"}],"endTime":1585674002333,"message":"","name":"/Users/tasso/Projetos/Rocket.Chat.Fuselage/packages/fuselage/src/components/EmailInput/spec.js","startTime":1585674002275,"status":"passed","summary":""},{"assertionResults":[{"ancestorTitles":[],"failureMessages":[],"fullName":"renders without crashing","location":null,"status":"passed","title":"renders without crashing"}],"endTime":1585674002394,"message":"","name":"/Users/tasso/Projetos/Rocket.Chat.Fuselage/packages/fuselage/src/components/Label/spec.js","startTime":1585674002339,"status":"passed","summary":""},{"assertionResults":[{"ancestorTitles":[],"failureMessages":[],"fullName":"renders without crashing","location":null,"status":"passed","title":"renders without crashing"}],"endTime":1585674002455,"message":"","name":"/Users/tasso/Projetos/Rocket.Chat.Fuselage/packages/fuselage/src/components/Box/Margins/spec.js","startTime":1585674002399,"status":"passed","summary":""},{"assertionResults":[{"ancestorTitles":[],"failureMessages":[],"fullName":"renders without crashing","location":null,"status":"passed","title":"renders without crashing"}],"endTime":1585674002519,"message":"","name":"/Users/tasso/Projetos/Rocket.Chat.Fuselage/packages/fuselage/src/components/Tabs/spec.js","startTime":1585674002460,"status":"passed","summary":""},{"assertionResults":[{"ancestorTitles":[],"failureMessages":[],"fullName":"renders without crashing","location":null,"status":"passed","title":"renders without crashing"}],"endTime":1585674002584,"message":"","name":"/Users/tasso/Projetos/Rocket.Chat.Fuselage/packages/fuselage/src/components/TextAreaInput/spec.js","startTime":1585674002524,"status":"passed","summary":""},{"assertionResults":[{"ancestorTitles":[],"failureMessages":[],"fullName":"renders without crashing","location":null,"status":"passed","title":"renders without crashing"},{"ancestorTitles":["Level.Item"],"failureMessages":[],"fullName":"Level.Item renders without crashing","location":null,"status":"passed","title":"renders without crashing"}],"endTime":1585674002649,"message":"","name":"/Users/tasso/Projetos/Rocket.Chat.Fuselage/packages/fuselage/src/components/Level/spec.js","startTime":1585674002590,"status":"passed","summary":""},{"assertionResults":[{"ancestorTitles":[],"failureMessages":[],"fullName":"renders without crashing","location":null,"status":"passed","title":"renders without crashing"}],"endTime":1585674002712,"message":"","name":"/Users/tasso/Projetos/Rocket.Chat.Fuselage/packages/fuselage/src/components/SearchInput/spec.js","startTime":1585674002655,"status":"passed","summary":""},{"assertionResults":[{"ancestorTitles":[],"failureMessages":[],"fullName":"renders without crashing","location":null,"status":"passed","title":"renders without crashing"},{"ancestorTitles":["Grid.Item"],"failureMessages":[],"fullName":"Grid.Item renders without crashing","location":null,"status":"passed","title":"renders without crashing"}],"endTime":1585674002779,"message":"","name":"/Users/tasso/Projetos/Rocket.Chat.Fuselage/packages/fuselage/src/components/Grid/spec.js","startTime":1585674002718,"status":"passed","summary":""},{"assertionResults":[{"ancestorTitles":[],"failureMessages":[],"fullName":"renders without crashing","location":null,"status":"passed","title":"renders without crashing"}],"endTime":1585674002845,"message":"","name":"/Users/tasso/Projetos/Rocket.Chat.Fuselage/packages/fuselage/src/components/Icon/spec.js","startTime":1585674002788,"status":"passed","summary":""},{"assertionResults":[{"ancestorTitles":[],"failureMessages":[],"fullName":"renders without crashing","location":null,"status":"passed","title":"renders without crashing"}],"endTime":1585674002911,"message":"","name":"/Users/tasso/Projetos/Rocket.Chat.Fuselage/packages/fuselage/src/components/UrlInput/spec.js","startTime":1585674002850,"status":"passed","summary":""},{"assertionResults":[{"ancestorTitles":[],"failureMessages":[],"fullName":"renders without crashing","location":null,"status":"passed","title":"renders without crashing"}],"endTime":1585674002977,"message":"","name":"/Users/tasso/Projetos/Rocket.Chat.Fuselage/packages/fuselage/src/components/TelephoneInput/spec.js","startTime":1585674002917,"status":"passed","summary":""},{"assertionResults":[{"ancestorTitles":[],"failureMessages":[],"fullName":"renders without crashing","location":null,"status":"passed","title":"renders without crashing"}],"endTime":1585674003041,"message":"","name":"/Users/tasso/Projetos/Rocket.Chat.Fuselage/packages/fuselage/src/components/Box/Scrollable/spec.js","startTime":1585674002982,"status":"passed","summary":""},{"assertionResults":[{"ancestorTitles":[],"failureMessages":[],"fullName":"renders without crashing","location":null,"status":"passed","title":"renders without crashing"}],"endTime":1585674003104,"message":"","name":"/Users/tasso/Projetos/Rocket.Chat.Fuselage/packages/fuselage/src/components/Skeleton/spec.js","startTime":1585674003047,"status":"passed","summary":""},{"assertionResults":[{"ancestorTitles":[],"failureMessages":[],"fullName":"renders without crashing","location":null,"status":"passed","title":"renders without crashing"}],"endTime":1585674003165,"message":"","name":"/Users/tasso/Projetos/Rocket.Chat.Fuselage/packages/fuselage/src/components/Box/Size/spec.js","startTime":1585674003109,"status":"passed","summary":""}],"wasInterrupted":false}